<?xml version="1.0" encoding="UTF-8"?>
<!-- Generated by org.testng.reporters.JUnitXMLReporter -->
<testsuite ignored="0" hostname="israas-MacBook-Air.local" failures="1" tests="2" name="Error Validations Test" time="24.105" errors="0" timestamp="2025-04-22T02:18:21 EET">
  <testcase classname="tests.ErrorValidationsTest" name="LoginErrorValidation" time="3.829">
    <skipped/>
  </testcase> <!-- LoginErrorValidation -->
  <testcase classname="tests.ErrorValidationsTest" name="LoginErrorValidation" time="2.346">
    <failure type="java.lang.AssertionError" message="expected [Your email or password is incorrect!] but found [Your email or password is inc orrect!]">
      <![CDATA[java.lang.AssertionError: expected [Your email or password is incorrect!] but found [Your email or password is inc orrect!]
at tests.ErrorValidationsTest.LoginErrorValidation(ErrorValidationsTest.java:24)
at java.base/java.util.ArrayList.forEach(ArrayList.java:1597)
at java.base/java.util.concurrent.FutureTask.run(FutureTask.java:317)
at java.base/java.util.concurrent.ThreadPoolExecutor.runWorker(ThreadPoolExecutor.java:1144)
at java.base/java.util.concurrent.ThreadPoolExecutor$Worker.run(ThreadPoolExecutor.java:642)
at java.base/java.lang.Thread.run(Thread.java:1575)
... Removed 21 stack frames]]>
    </failure>
  </testcase> <!-- LoginErrorValidation -->
</testsuite> <!-- Error Validations Test -->
