<?xml version="1.0" encoding="UTF-8"?>
<!-- Generated by org.testng.reporters.JUnitXMLReporter -->
<testsuite ignored="4" hostname="israas-MacBook-Air.local" failures="0" tests="3" name="Test" time="49.367" errors="0" timestamp="2025-04-22T02:18:46 EET">
  <testcase classname="tests.LoginTest" name="RegisteredUserCanLogin" time="9.065"/>
  <testcase classname="tests.AddProductToCartTest" name="UserCanAddProductToCart" time="16.051"/>
  <testcase classname="tests.SubmitOrderTest" name="submitOrder" time="5.405"/>
  <testcase classname="tests.BaseTest" name="@BeforeTest launchApplication" time="0.0">
    <ignored/>
  </testcase> <!-- @BeforeTest launchApplication -->
  <testcase classname="tests.BaseTest" name="@BeforeTest launchApplication" time="0.0">
    <ignored/>
  </testcase> <!-- @BeforeTest launchApplication -->
  <testcase classname="tests.BaseTest" name="@AfterTest tearDown" time="0.0">
    <ignored/>
  </testcase> <!-- @AfterTest tearDown -->
  <testcase classname="tests.BaseTest" name="@AfterTest tearDown" time="0.0">
    <ignored/>
  </testcase> <!-- @AfterTest tearDown -->
</testsuite> <!-- Test -->
